<?xml version="1.0" encoding="UTF-8"?>
<!-- Generated by org.testng.reporters.JUnitXMLReporter -->
<testsuite hostname="Arturo-PC" tests="0" failures="0" timestamp="26 Oct 2016 02:04:46 GMT" time="0.004" errors="0">
  <testcase name="@AfterTest tearDown" time="0.0" classname="com.wikipedia.tests.BaseTest">
    <failure type="java.lang.NullPointerException">
      <![CDATA[java.lang.NullPointerException
	at com.wikipedia.tests.BaseTest.tearDown(BaseTest.java:80)
... Removed 23 stack frames]]>
    </failure>
  </testcase> <!-- @AfterTest tearDown -->
</testsuite>
